<?xml version="1.0" encoding="UTF-8"?>
<!-- Generated by org.testng.reporters.JUnitXMLReporter -->
<testsuite ignored="0" hostname="AITSLPT-Dipesh" failures="0" tests="2" name="Chorme FD Login Test" time="38.638" errors="0" timestamp="28 Jan 2021 07:31:52 GMT">
  <testcase classname="digital.flightdeck.testsuite.LoginPageTestCase" name="loginWithValidCredentials" time="0.006"/>
  <testcase classname="digital.flightdeck.testsuite.LoginPageTestCase" name="loginWithValidCredentials" time="20.194"/>
</testsuite> <!-- Chorme FD Login Test -->
