<?xml version="1.0" encoding="UTF-8"?>
<!-- Generated by org.testng.reporters.JUnitXMLReporter -->
<testsuite ignored="0" hostname="AITSLPT-Dipesh" failures="0" tests="2" name="Chorme FD Login Test" time="38.028" errors="0" timestamp="13 Aug 2020 07:23:43 GMT">
  <testcase classname="digital.flightdeck.testsuite.LoginPageTestCase" name="loginWithValidCredentials" time="0.005"/>
  <testcase classname="digital.flightdeck.testsuite.LoginPageTestCase" name="loginWithValidCredentials" time="8.979"/>
</testsuite> <!-- Chorme FD Login Test -->
