<?xml version="1.0" encoding="UTF-8"?>
<!-- Generated by org.testng.reporters.JUnitXMLReporter -->
<testsuite ignored="0" hostname="AITSLPT-Dipesh" failures="2" tests="2" name="FD Clientsettings" time="111.456" errors="0" timestamp="02 Jul 2020 10:38:23 GMT">
  <testcase classname="digital.flightdeck.testsuite.ClientSettingsTestCase" name="createClientWithValidData" time="71.529">
    <failure type="org.openqa.selenium.TimeoutException" message="Expected condition failed: waiting for visibility of [[ChromeDriver: chrome on XP (027b0c366a4f2faffe44c09467197c2d)] -&amp;gt; id: txtAddKeywords] (tried for 10 second(s) with 500 milliseconds interval)
Build info: version: &amp;apos;3.141.5&amp;apos;, revision: &amp;apos;d54ebd709a&amp;apos;, time: &amp;apos;2018-11-06T11:42:16&amp;apos;
System info: host: &amp;apos;AITSLPT-DIPESH&amp;apos;, ip: &amp;apos;192.168.1.78&amp;apos;, os.name: &amp;apos;Windows 10&amp;apos;, os.arch: &amp;apos;amd64&amp;apos;, os.version: &amp;apos;10.0&amp;apos;, java.version: &amp;apos;12.0.1&amp;apos;
Driver info: org.openqa.selenium.chrome.ChromeDriver
Capabilities {acceptInsecureCerts: false, acceptSslCerts: false, applicationCacheEnabled: false, browserConnectionEnabled: false, browserName: chrome, chrome: {chromedriverVersion: 2.35.528161 (5b82f2d2aae0ca..., userDataDir: C:\Users\DIPESH~1.MAH\AppDa...}, cssSelectorsEnabled: true, databaseEnabled: false, handlesAlerts: true, hasTouchScreen: false, javascriptEnabled: true, locationContextEnabled: true, mobileEmulationEnabled: false, nativeEvents: true, networkConnectionEnabled: false, pageLoadStrategy: normal, platform: XP, platformName: XP, rotatable: false, setWindowRect: true, takesHeapSnapshot: true, takesScreenshot: true, unexpectedAlertBehaviour: , unhandledPromptBehavior: , version: 83.0.4103.116, webStorageEnabled: true}
Session ID: 027b0c366a4f2faffe44c09467197c2d">
      <![CDATA[org.openqa.selenium.TimeoutException: Expected condition failed: waiting for visibility of [[ChromeDriver: chrome on XP (027b0c366a4f2faffe44c09467197c2d)] -> id: txtAddKeywords] (tried for 10 second(s) with 500 milliseconds interval)
Build info: version: '3.141.5', revision: 'd54ebd709a', time: '2018-11-06T11:42:16'
System info: host: 'AITSLPT-DIPESH', ip: '192.168.1.78', os.name: 'Windows 10', os.arch: 'amd64', os.version: '10.0', java.version: '12.0.1'
Driver info: org.openqa.selenium.chrome.ChromeDriver
Capabilities {acceptInsecureCerts: false, acceptSslCerts: false, applicationCacheEnabled: false, browserConnectionEnabled: false, browserName: chrome, chrome: {chromedriverVersion: 2.35.528161 (5b82f2d2aae0ca..., userDataDir: C:\Users\DIPESH~1.MAH\AppDa...}, cssSelectorsEnabled: true, databaseEnabled: false, handlesAlerts: true, hasTouchScreen: false, javascriptEnabled: true, locationContextEnabled: true, mobileEmulationEnabled: false, nativeEvents: true, networkConnectionEnabled: false, pageLoadStrategy: normal, platform: XP, platformName: XP, rotatable: false, setWindowRect: true, takesHeapSnapshot: true, takesScreenshot: true, unexpectedAlertBehaviour: , unhandledPromptBehavior: , version: 83.0.4103.116, webStorageEnabled: true}
Session ID: 027b0c366a4f2faffe44c09467197c2d
at org.openqa.selenium.support.ui.WebDriverWait.timeoutException(WebDriverWait.java:95)
at org.openqa.selenium.support.ui.FluentWait.until(FluentWait.java:272)
at digital.flightdeck.pages.KeywordManagerPage.addKeywords(KeywordManagerPage.java:314)
at digital.flightdeck.testsuite.ClientSettingsTestCase.createClientWithValidData(ClientSettingsTestCase.java:67)
... Removed 25 stack frames]]>
    </failure>
  </testcase> <!-- createClientWithValidData -->
  <testcase classname="digital.flightdeck.testsuite.ClientSettingsTestCase" name="createClientWithValidData" time="86.049">
    <failure type="java.lang.NullPointerException">
      <![CDATA[java.lang.NullPointerException
at digital.flightdeck.common.Listener.onTestFailure(Listener.java:40)
... Removed 22 stack frames]]>
    </failure>
  </testcase> <!-- createClientWithValidData -->
</testsuite> <!-- FD Clientsettings -->
