<?xml version="1.0" encoding="UTF-8"?>
<!-- Generated by org.testng.reporters.JUnitXMLReporter -->
<testsuite ignored="0" hostname="AITSLPT-Dipesh" failures="1" tests="1" name="FD Login Test" time="8.073" errors="0" timestamp="31 Mar 2020 13:53:50 GMT">
  <testcase classname="digital.flightdeck.testsuite.ClientSettingsTestCase" name="createClientWithValidData" time="0.016">
    <failure type="org.testng.internal.reflect.MethodMatcherException" message="
Data provider mismatch
Method: createClientWithValidData([Parameter{index=0, type=java.lang.String, declaredAnnotations=[]}, Parameter{index=1, type=java.lang.String, declaredAnnotations=[]}, Parameter{index=2, type=java.lang.String, declaredAnnotations=[]}])
Arguments: [null]">
      <![CDATA[org.testng.internal.reflect.MethodMatcherException: 
Data provider mismatch
Method: createClientWithValidData([Parameter{index=0, type=java.lang.String, declaredAnnotations=[]}, Parameter{index=1, type=java.lang.String, declaredAnnotations=[]}, Parameter{index=2, type=java.lang.String, declaredAnnotations=[]}])
Arguments: [null]
... Removed 21 stack frames]]>
    </failure>
  </testcase> <!-- createClientWithValidData -->
</testsuite> <!-- FD Login Test -->
