<?xml version="1.0" encoding="UTF-8"?>
<testng-results ignored="0" total="2" passed="2" failed="0" skipped="0">
  <reporter-output>
  </reporter-output>
  <suite started-at="2020-07-31T08:55:11Z" name="FD Login Test Suit" finished-at="2020-07-31T08:55:50Z" duration-ms="38566">
    <groups>
    </groups>
    <test started-at="2020-07-31T08:55:11Z" name="FD Login Test" finished-at="2020-07-31T08:55:50Z" duration-ms="38566">
      <class name="digital.flightdeck.testsuite.LoginPageTestCase">
        <test-method is-config="true" signature="goToHomePage(org.testng.ITestContext)[pri:0, instance:digital.flightdeck.testsuite.LoginPageTestCase@32193bea]" started-at="2020-07-31T08:55:11Z" name="goToHomePage" finished-at="2020-07-31T08:55:30Z" duration-ms="18497" status="PASS">
          <params>
            <param index="0">
              <value>
                <![CDATA[org.testng.TestRunner@160ac7fb]]>
              </value>
            </param>
          </params>
          <reporter-output>
          </reporter-output>
        </test-method> <!-- goToHomePage -->
        <test-method is-config="true" signature="goToLoginPage()[pri:0, instance:digital.flightdeck.testsuite.LoginPageTestCase@32193bea]" started-at="2020-07-31T08:55:30Z" name="goToLoginPage" finished-at="2020-07-31T08:55:31Z" duration-ms="955" status="PASS">
          <reporter-output>
          </reporter-output>
        </test-method> <!-- goToLoginPage -->
        <test-method signature="loginWithValidCredentials(java.lang.String, java.lang.String)[pri:0, instance:digital.flightdeck.testsuite.LoginPageTestCase@32193bea]" started-at="2020-07-31T08:55:31Z" name="loginWithValidCredentials" data-provider="validLoginData" finished-at="2020-07-31T08:55:31Z" duration-ms="2" status="PASS">
          <params>
            <param index="0">
              <value is-null="true"/>
            </param>
            <param index="1">
              <value is-null="true"/>
            </param>
          </params>
          <reporter-output>
          </reporter-output>
        </test-method> <!-- loginWithValidCredentials -->
        <test-method is-config="true" signature="goToLoginPage()[pri:0, instance:digital.flightdeck.testsuite.LoginPageTestCase@32193bea]" started-at="2020-07-31T08:55:31Z" name="goToLoginPage" finished-at="2020-07-31T08:55:31Z" duration-ms="404" status="PASS">
          <reporter-output>
          </reporter-output>
        </test-method> <!-- goToLoginPage -->
        <test-method signature="loginWithValidCredentials(java.lang.String, java.lang.String)[pri:0, instance:digital.flightdeck.testsuite.LoginPageTestCase@32193bea]" started-at="2020-07-31T08:55:31Z" name="loginWithValidCredentials" data-provider="validLoginData" finished-at="2020-07-31T08:55:50Z" duration-ms="18633" status="PASS">
          <params>
            <param index="0">
              <value>
                <![CDATA[dipesh]]>
              </value>
            </param>
            <param index="1">
              <value>
                <![CDATA[dmaharjan]]>
              </value>
            </param>
          </params>
          <reporter-output>
          </reporter-output>
        </test-method> <!-- loginWithValidCredentials -->
      </class> <!-- digital.flightdeck.testsuite.LoginPageTestCase -->
    </test> <!-- FD Login Test -->
  </suite> <!-- FD Login Test Suit -->
  <suite started-at="2020-07-31T08:55:50Z" name="FD Test Suite" finished-at="2020-07-31T08:55:50Z" duration-ms="0">
    <groups>
    </groups>
  </suite> <!-- FD Test Suite -->
</testng-results>
