<?xml version="1.0" encoding="UTF-8"?>
<testng-results ignored="0" total="2" passed="2" failed="0" skipped="0">
  <reporter-output>
  </reporter-output>
  <suite started-at="2020-08-13T07:23:05Z" name="FD Login Test Suit" finished-at="2020-08-13T07:23:43Z" duration-ms="38028">
    <groups>
    </groups>
    <test started-at="2020-08-13T07:23:05Z" name="Chorme FD Login Test" finished-at="2020-08-13T07:23:43Z" duration-ms="38028">
      <class name="digital.flightdeck.testsuite.LoginPageTestCase">
        <test-method is-config="true" signature="goToHomePage(org.testng.ITestContext, java.lang.String)[pri:0, instance:digital.flightdeck.testsuite.LoginPageTestCase@12d4bf7e]" started-at="2020-08-13T07:23:05Z" name="goToHomePage" finished-at="2020-08-13T07:23:33Z" duration-ms="28169" status="PASS">
          <params>
            <param index="0">
              <value>
                <![CDATA[org.testng.TestRunner@470a696f]]>
              </value>
            </param>
            <param index="1">
              <value>
                <![CDATA[chrome]]>
              </value>
            </param>
          </params>
          <reporter-output>
          </reporter-output>
        </test-method> <!-- goToHomePage -->
        <test-method is-config="true" signature="goToLoginPage()[pri:0, instance:digital.flightdeck.testsuite.LoginPageTestCase@12d4bf7e]" started-at="2020-08-13T07:23:33Z" name="goToLoginPage" finished-at="2020-08-13T07:23:34Z" duration-ms="539" status="PASS">
          <reporter-output>
          </reporter-output>
        </test-method> <!-- goToLoginPage -->
        <test-method signature="loginWithValidCredentials(java.lang.String, java.lang.String)[pri:0, instance:digital.flightdeck.testsuite.LoginPageTestCase@12d4bf7e]" started-at="2020-08-13T07:23:34Z" name="loginWithValidCredentials" data-provider="validLoginData" finished-at="2020-08-13T07:23:34Z" duration-ms="5" status="PASS">
          <params>
            <param index="0">
              <value is-null="true"/>
            </param>
            <param index="1">
              <value is-null="true"/>
            </param>
          </params>
          <reporter-output>
          </reporter-output>
        </test-method> <!-- loginWithValidCredentials -->
        <test-method is-config="true" signature="goToLoginPage()[pri:0, instance:digital.flightdeck.testsuite.LoginPageTestCase@12d4bf7e]" started-at="2020-08-13T07:23:34Z" name="goToLoginPage" finished-at="2020-08-13T07:23:34Z" duration-ms="281" status="PASS">
          <reporter-output>
          </reporter-output>
        </test-method> <!-- goToLoginPage -->
        <test-method signature="loginWithValidCredentials(java.lang.String, java.lang.String)[pri:0, instance:digital.flightdeck.testsuite.LoginPageTestCase@12d4bf7e]" started-at="2020-08-13T07:23:34Z" name="loginWithValidCredentials" data-provider="validLoginData" finished-at="2020-08-13T07:23:43Z" duration-ms="8979" status="PASS">
          <params>
            <param index="0">
              <value>
                <![CDATA[dipesh]]>
              </value>
            </param>
            <param index="1">
              <value>
                <![CDATA[dmaharjan]]>
              </value>
            </param>
          </params>
          <reporter-output>
          </reporter-output>
        </test-method> <!-- loginWithValidCredentials -->
      </class> <!-- digital.flightdeck.testsuite.LoginPageTestCase -->
    </test> <!-- Chorme FD Login Test -->
  </suite> <!-- FD Login Test Suit -->
  <suite started-at="2020-08-13T07:23:43Z" name="FD Test Suite" finished-at="2020-08-13T07:23:43Z" duration-ms="0">
    <groups>
    </groups>
  </suite> <!-- FD Test Suite -->
</testng-results>
