<?xml version="1.0" encoding="UTF-8"?>
<!-- Generated by org.testng.reporters.JUnitXMLReporter -->
<testsuite ignored="0" hostname="AITSLPT-Dipesh" failures="2" tests="9" name="FD RssFeed" time="213.916" errors="0" timestamp="01 Jul 2020 09:09:54 GMT">
  <testcase classname="digital.flightdeck.testsuite.RssFeedTestCase" name="clearUrlTextArea" time="80.723"/>
  <testcase classname="digital.flightdeck.testsuite.RssFeedTestCase" name="enterInValidRssFeed" time="0.001"/>
  <testcase classname="digital.flightdeck.testsuite.RssFeedTestCase" name="enterInValidRssFeed" time="0.224"/>
  <testcase classname="digital.flightdeck.testsuite.RssFeedTestCase" name="enterInValidRssFeed" time="0.23"/>
  <testcase classname="digital.flightdeck.testsuite.RssFeedTestCase" name="enterValidRssFeed" time="0.051"/>
  <testcase classname="digital.flightdeck.testsuite.RssFeedTestCase" name="enterValidRssFeed" time="0.252"/>
  <testcase classname="digital.flightdeck.testsuite.RssFeedTestCase" name="enterValidRssFeed" time="0.102"/>
  <testcase classname="digital.flightdeck.testsuite.RssFeedTestCase" name="validateRssFeed" time="113.361">
    <failure type="java.lang.Exception" message="Incorrect RssFeed">
      <![CDATA[java.lang.Exception: Incorrect RssFeed
at digital.flightdeck.testsuite.RssFeedTestCase.validateRssFeed(RssFeedTestCase.java:119)
... Removed 25 stack frames]]>
    </failure>
  </testcase> <!-- validateRssFeed -->
  <testcase classname="digital.flightdeck.testsuite.RssFeedTestCase" name="validateRssFeed" time="113.37">
    <failure type="java.lang.NullPointerException">
      <![CDATA[java.lang.NullPointerException
at digital.flightdeck.common.Listener.onTestFailure(Listener.java:40)
... Removed 22 stack frames]]>
    </failure>
  </testcase> <!-- validateRssFeed -->
</testsuite> <!-- FD RssFeed -->
