<?xml version="1.0" encoding="UTF-8"?>
<!-- Generated by org.testng.reporters.JUnitXMLReporter -->
<testsuite ignored="0" hostname="AITSLPT-Dipesh" failures="0" tests="11" name="FD RssFeed" time="298.795" errors="0" timestamp="15 Jul 2020 07:37:08 GMT">
  <testcase classname="digital.flightdeck.testsuite.RssFeedTestCase" name="clearUrlTextArea" time="80.847"/>
  <testcase classname="digital.flightdeck.testsuite.RssFeedTestCase" name="isRSSElementPresent" time="13.105"/>
  <testcase classname="digital.flightdeck.testsuite.RssFeedTestCase" name="isRSSElementPresent" time="7.654"/>
  <testcase classname="digital.flightdeck.testsuite.RssFeedTestCase" name="isRSSElementPresent" time="69.936"/>
  <testcase classname="digital.flightdeck.testsuite.RssFeedTestCase" name="enterInValidRssFeed" time="0.002"/>
  <testcase classname="digital.flightdeck.testsuite.RssFeedTestCase" name="enterInValidRssFeed" time="0.506"/>
  <testcase classname="digital.flightdeck.testsuite.RssFeedTestCase" name="enterInValidRssFeed" time="0.344"/>
  <testcase classname="digital.flightdeck.testsuite.RssFeedTestCase" name="enterValidRssFeed" time="0.113"/>
  <testcase classname="digital.flightdeck.testsuite.RssFeedTestCase" name="enterValidRssFeed" time="0.505"/>
  <testcase classname="digital.flightdeck.testsuite.RssFeedTestCase" name="enterValidRssFeed" time="0.232"/>
  <testcase classname="digital.flightdeck.testsuite.RssFeedTestCase" name="validateRssFeed" time="115.1"/>
</testsuite> <!-- FD RssFeed -->
