<?xml version="1.0" encoding="UTF-8"?>
<!-- Generated by org.testng.reporters.JUnitXMLReporter -->
<testsuite ignored="0" hostname="AITSLPT-Dipesh" failures="1" tests="2" name="FD20 Profile Settings" time="68.03" errors="0" timestamp="28 Jan 2021 06:52:28 GMT">
  <testcase classname="digital.flightdeck.testsuite.LoginPageTestCase" name="loginWithValidCredentials" time="6.46"/>
  <testcase classname="digital.flightdeck.testsuite.LoginPageTestCase" name="loginWithValidCredentials" time="55.347">
    <failure type="java.lang.NullPointerException">
      <![CDATA[java.lang.NullPointerException
at java.base/java.util.Objects.requireNonNull(Objects.java:221)
at org.openqa.selenium.support.ui.FluentWait.<init>(FluentWait.java:106)
at org.openqa.selenium.support.ui.WebDriverWait.<init>(WebDriverWait.java:85)
at org.openqa.selenium.support.ui.WebDriverWait.<init>(WebDriverWait.java:45)
at digital.flightdeck.pages.LoginPage.enterUsername(LoginPage1.java:64)
at digital.flightdeck.pages.LoginPage.login(LoginPage1.java:80)
at digital.flightdeck.testsuite.LoginPageTestCase.loginWithValidCredentials(LoginPageTestCase.java:55)
... Removed 25 stack frames]]>
    </failure>
  </testcase> <!-- loginWithValidCredentials -->
</testsuite> <!-- FD20 Profile Settings -->
